<?xml version="1.0" encoding="UTF-8"?>
<testsuite xmlns:xsi="http://www.w3.org/2001/XMLSchema-instance" xsi:noNamespaceSchemaLocation="https://maven.apache.org/surefire/maven-surefire-plugin/xsd/surefire-test-report.xsd" name="com.ascendcorp.exam.service.InquiryServiceTest" time="2.373" tests="19" errors="0" skipped="0" failures="0">
  <properties>
[...]
</properties>
  <testcase name="should_return503_when_socketTimeout" classname="com.ascendcorp.exam.service.InquiryServiceTest" time="0.071"/>
  <testcase name="should_return500_when_noRequireValue" classname="com.ascendcorp.exam.service.InquiryServiceTest" time="0.01"/>
  <testcase name="should_return400_when_invalidDataWithoutDesc" classname="com.ascendcorp.exam.service.InquiryServiceTest" time="0.006"/>
  <testcase name="should_return1091WithReasonDesc_when_invalidDataWithDescAndCode" classname="com.ascendcorp.exam.service.InquiryServiceTest" time="0.003"/>
  <testcase name="should_return400_when_errorAndNoDescCode" classname="com.ascendcorp.exam.service.InquiryServiceTest" time="0.003"/>
  <testcase name="should_return501_when_unknownAndEmptyDesc" classname="com.ascendcorp.exam.service.InquiryServiceTest" time="0.002"/>
  <testcase name="should_return400_when_errorAndDescCode98" classname="com.ascendcorp.exam.service.InquiryServiceTest" time="0.003"/>
  <testcase name="should_return501_when_unknownAndWithoutDesc" classname="com.ascendcorp.exam.service.InquiryServiceTest" time="0.003"/>
  <testcase name="should_return503_when_throwWebServiceException" classname="com.ascendcorp.exam.service.InquiryServiceTest" time="0.005"/>
  <testcase name="should_return400_when_errorAndDescIsNull" classname="com.ascendcorp.exam.service.InquiryServiceTest" time="0.003"/>
  <testcase name="should_return503_when_connectionTimeout" classname="com.ascendcorp.exam.service.InquiryServiceTest" time="0.003"/>
  <testcase name="should_return501_when_unknownAndTextDesc" classname="com.ascendcorp.exam.service.InquiryServiceTest" time="0.003"/>
  <testcase name="should_return200_when_bankApproved" classname="com.ascendcorp.exam.service.InquiryServiceTest" time="0.003"/>
  <testcase name="should_return400_when_errorAndDesc2Code" classname="com.ascendcorp.exam.service.InquiryServiceTest" time="0.003"/>
  <testcase name="should_return400_when_errorAndDesc3Code" classname="com.ascendcorp.exam.service.InquiryServiceTest" time="0.003"/>
  <testcase name="should_return504_when_errorDescNotSupport" classname="com.ascendcorp.exam.service.InquiryServiceTest" time="0.021"/>
  <testcase name="should_return501_when_unknownAndDesc" classname="com.ascendcorp.exam.service.InquiryServiceTest" time="0.005"/>
  <testcase name="should_return400_when_invalidDataWithDesc" classname="com.ascendcorp.exam.service.InquiryServiceTest" time="0.002"/>
  <testcase name="should_return504_when_responseNull" classname="com.ascendcorp.exam.service.InquiryServiceTest" time="0.004"/>
</testsuite>